c:\users\wills\class\iqt eob exams\assembly programming\debug\asm.lib
c:\users\wills\class\iqt eob exams\assembly programming\debug\asm.exp
c:\users\wills\class\iqt eob exams\assembly programming\asm\debug\vc141.pdb
c:\users\wills\class\iqt eob exams\assembly programming\asm\debug\vc141.idb
c:\users\wills\class\iqt eob exams\assembly programming\asm\debug\test_defs.obj
c:\users\wills\class\iqt eob exams\assembly programming\asm\debug\tests.obj
c:\users\wills\class\iqt eob exams\assembly programming\asm\debug\main.obj
c:\users\wills\class\iqt eob exams\assembly programming\debug\asm.exe
c:\users\wills\class\iqt eob exams\assembly programming\debug\asm.ilk
c:\users\wills\class\iqt eob exams\assembly programming\debug\asm.pdb
c:\users\wills\class\iqt eob exams\assembly programming\asm\debug\vc120.idb
c:\users\wills\class\iqt eob exams\assembly programming\asm\debug\vc120.pdb
c:\users\wills\class\iqt eob exams\assembly programming\asm\debug\asm.tlog\asm.write.1u.tlog
c:\users\wills\class\iqt eob exams\assembly programming\asm\debug\asm.tlog\cl.command.1.tlog
c:\users\wills\class\iqt eob exams\assembly programming\asm\debug\asm.tlog\cl.read.1.tlog
c:\users\wills\class\iqt eob exams\assembly programming\asm\debug\asm.tlog\cl.write.1.tlog
c:\users\wills\class\iqt eob exams\assembly programming\asm\debug\asm.tlog\custombuild.command.1.tlog
c:\users\wills\class\iqt eob exams\assembly programming\asm\debug\asm.tlog\custombuild.read.1.tlog
c:\users\wills\class\iqt eob exams\assembly programming\asm\debug\asm.tlog\custombuild.write.1.tlog
c:\users\wills\class\iqt eob exams\assembly programming\asm\debug\asm.tlog\link.command.1.tlog
c:\users\wills\class\iqt eob exams\assembly programming\asm\debug\asm.tlog\link.delete.1.tlog
c:\users\wills\class\iqt eob exams\assembly programming\asm\debug\asm.tlog\link.read.1.tlog
c:\users\wills\class\iqt eob exams\assembly programming\asm\debug\asm.tlog\link.write.1.tlog
